Arguments: 
  C:\Program Files\nodejs\node.exe C:\Users\diego jimenes\AppData\Roaming\npm\node_modules\yarn\bin\yarn.js publish

PATH: 
  C:\Program Files (x86)\Common Files\Oracle\Java\javapath;C:\Program Files (x86)\Common Files\Intel\Shared Files\cpp\bin\Intel64;C:\WINDOWS\system32;C:\WINDOWS;C:\WINDOWS\System32\Wbem;C:\WINDOWS\System32\WindowsPowerShell\v1.0\;C:\Program Files\nodejs\;C:\Program Files\Git\cmd;C:\WINDOWS\System32\OpenSSH\;C:\Users\diego jimenes\AppData\Roaming\npm;C:\Users\diego jimenes\AppData\Local\Programs\Microsoft VS Code\bin;C:\Users\diego jimenes\AppData\Local\Android\Sdk\platform-tools;C:\Users\diego jimenes\AppData;C:\Program Files\Java\jdk1.8.0_181\bin;C:\Program Files\heroku\bin;C:\Users\diego jimenes\AppData\Local\hyper\app-2.1.2\resources\bin

Yarn version: 
  1.9.4

Node version: 
  8.11.3

Platform: 
  win32 x64

Trace: 
  Error: canceled
      at Interface.<anonymous> (C:\Users\diego jimenes\AppData\Roaming\npm\node_modules\yarn\lib\cli.js:126002:13)
      at emitNone (events.js:106:13)
      at Interface.emit (events.js:208:7)
      at Interface._ttyWrite (readline.js:774:16)
      at ReadStream.onkeypress (readline.js:158:10)
      at emitTwo (events.js:126:13)
      at ReadStream.emit (events.js:214:7)
      at emitKeys (internal/readline.js:420:14)
      at emitKeys.next (<anonymous>)
      at ReadStream.onData (readline.js:1010:36)

npm manifest: 
  {
    "name": "react-native-video-controls-Plus",
    "version": "0.0.5",
    "description": "A set of GUI controls for the react-native-video component. fork from (https://github.com/itsnubix/react-native-video-controls)",
    "license": "MIT",
    "main": "VideoPlayer.js",
    "keywords": [
      "react-native",
      "react-native-video",
      "react video controls",
      "react video player"
    ],
    "scripts": {
      "test": "echo \"No test specified\" && exit 1"
    },
    "author": "diegojimenes (https://github.com/diegojimenes)",
    "repository": {
      "type": "git",
      "url": "git@github.com:diegojimenes/react-native-video-controls-Plus.git"
    },
    "dependencies": {
      "lodash": "^4.16.4"
    },
    "peerDependencies": {
      "react-native": ">=0.46.0",
      "react-native-video": "^2.0.0"
    }
  }

yarn manifest: 
  No manifest

Lockfile: 
  # THIS IS AN AUTOGENERATED FILE. DO NOT EDIT THIS FILE DIRECTLY.
  # yarn lockfile v1
  
  
  lodash@^4.16.4:
    version "4.17.4"
    resolved "https://registry.yarnpkg.com/lodash/-/lodash-4.17.4.tgz#78203a4d1c328ae1d86dca6460e369b57f4055ae"
